openat(AT_FDCWD, "/etc/ld.so.cache", O_RDONLY|O_CLOEXEC) = 3
openat(AT_FDCWD, "/lib/x86_64-linux-gnu/libdl.so.2", O_RDONLY|O_CLOEXEC) = 3
openat(AT_FDCWD, "/lib/x86_64-linux-gnu/libstdc++.so.6", O_RDONLY|O_CLOEXEC) = 3
openat(AT_FDCWD, "/lib/x86_64-linux-gnu/libm.so.6", O_RDONLY|O_CLOEXEC) = 3
openat(AT_FDCWD, "/lib/x86_64-linux-gnu/libgcc_s.so.1", O_RDONLY|O_CLOEXEC) = 3
openat(AT_FDCWD, "/lib/x86_64-linux-gnu/libpthread.so.0", O_RDONLY|O_CLOEXEC) = 3
openat(AT_FDCWD, "/lib/x86_64-linux-gnu/libc.so.6", O_RDONLY|O_CLOEXEC) = 3
openat(AT_FDCWD, "/etc/ssl/openssl.cnf", O_RDONLY) = 3
openat(AT_FDCWD, "/proc/version_signature", O_RDONLY|O_CLOEXEC) = 4
write(6, "*", 1)                        = 1
strace: Process 2056415 attached
strace: Process 2056416 attached
strace: Process 2056417 attached
strace: Process 2056418 attached
strace: Process 2056419 attached
[pid 2056414] openat(AT_FDCWD, "/proc/self/cgroup", O_RDONLY|O_CLOEXEC) = 20
[pid 2056414] openat(AT_FDCWD, "/sys/fs/cgroup/user.slice/user-0.slice/session-800.scope/memory.max", O_RDONLY|O_CLOEXEC) = 20
[pid 2056414] openat(AT_FDCWD, "/sys/fs/cgroup/user.slice/user-0.slice/session-800.scope/memory.high", O_RDONLY|O_CLOEXEC) = 20
[pid 2056414] openat(AT_FDCWD, "/proc/meminfo", O_RDONLY|O_CLOEXEC) = 20
[pid 2056414] openat(AT_FDCWD, "/proc/self/maps", O_RDONLY|O_CLOEXEC) = 20
[pid 2056414] openat(AT_FDCWD, "/proc/self/maps", O_RDONLY) = 20
[pid 2056414] openat(AT_FDCWD, "/proc/self/maps", O_RDONLY) = 20
[pid 2056414] openat(AT_FDCWD, "/usr/bin/node", O_RDONLY) = 20
strace: Process 2056420 attached
[pid 2056414] openat(AT_FDCWD, "/home/loopdev/verifyhash/scripts/governor-check.cjs", O_RDONLY|O_CLOEXEC) = 20
[pid 2056414] openat(AT_FDCWD, "test/fixtures/governor-check/budget.json", O_RDONLY|O_CLOEXEC) = 20
[pid 2056414] openat(AT_FDCWD, "/etc/localtime", O_RDONLY|O_CLOEXEC) = 20
[pid 2056414] write(1, "LAUNCH-OK \342\200\224 spend governor cle"..., 385) = 385
[pid 2056414] write(14, "\1\0\0\0\0\0\0\0", 8) = 8
[pid 2056419] +++ exited with 0 +++
[pid 2056416] +++ exited with 0 +++
[pid 2056417] +++ exited with 0 +++
[pid 2056418] +++ exited with 0 +++
[pid 2056415] +++ exited with 0 +++
[pid 2056420] +++ exited with 0 +++
+++ exited with 0 +++
